2015-04-25 16:03:11:011 DEBUG ContestEditWatcherServiceImpl:addContestEditingUser - User(Teacher) starts edit contest (id=1)
2015-04-25 16:03:11:011 DEBUG ContestEditWatcherServiceImpl:removeContestEditingUser - User(Teacher) ends edit contest(id=1) reason- timeOut
2015-04-25 16:03:11:011 DEBUG ContestEditWatcherServiceImpl:addContestEditingUser - User(Teacher) starts edit contest (id=1)
2015-04-25 16:03:11:011 DEBUG ContestEditWatcherServiceImpl:removeContestEditingUser - User(Teacher) ends edit contest(id=1) reason- timeOut
2015-04-25 16:03:11:011 DEBUG ContestEditWatcherServiceImpl:addContestEditingUser - User(Teacher) starts edit contest (id=1)
2015-04-25 16:03:11:011 DEBUG ContestEditWatcherServiceImpl:removeContestEditingUser - User(Teacher) ends edit contest(id=1) reason- timeOut
2015-04-25 16:03:11:011 DEBUG ContestEditWatcherServiceImpl:addContestEditingUser - User(Teacher) starts edit contest (id=1)
2015-04-25 16:03:11:011 DEBUG ContestEditWatcherServiceImpl:removeContestEditingUser - User(Teacher) ends edit contest(id=1) reason- timeOut
2015-04-25 16:03:13:013 DEBUG ScheduleServiceImpl:refresh - Register start contest action for contest id=1
2015-04-25 16:03:13:013 DEBUG ScheduleServiceImpl:run - Contest (id=1) changed status to GOING
2015-04-25 16:03:13:013 DEBUG ScheduleServiceImpl:refresh - Register stop contest action for contest id=1
2015-04-25 16:03:13:013 DEBUG ScheduleServiceImpl:run - Contest (id=1) changed status to ARCHIVE
2015-04-29 21:01:42:042 DEBUG ContestEditWatcherServiceImpl:addContestEditingUser - User(Teacher) starts edit contest (id=1)
2015-04-29 21:01:42:042 DEBUG ContestEditWatcherServiceImpl:removeContestEditingUser - User(Teacher) ends edit contest(id=1) reason- timeOut
2015-04-29 21:01:42:042 DEBUG ContestEditWatcherServiceImpl:addContestEditingUser - User(Teacher) starts edit contest (id=1)
2015-04-29 21:01:42:042 DEBUG ContestEditWatcherServiceImpl:removeContestEditingUser - User(Teacher) ends edit contest(id=1) reason- timeOut
2015-04-29 21:01:42:042 DEBUG ContestEditWatcherServiceImpl:addContestEditingUser - User(Teacher) starts edit contest (id=1)
2015-04-29 21:01:42:042 DEBUG ContestEditWatcherServiceImpl:removeContestEditingUser - User(Teacher) ends edit contest(id=1) reason- timeOut
2015-04-29 21:01:42:042 DEBUG ContestEditWatcherServiceImpl:addContestEditingUser - User(Teacher) starts edit contest (id=1)
2015-04-29 21:01:42:042 DEBUG ContestEditWatcherServiceImpl:removeContestEditingUser - User(Teacher) ends edit contest(id=1) reason- timeOut
2015-04-29 21:01:45:045 DEBUG ScheduleServiceImpl:refresh - Register start contest action for contest id=1
2015-04-29 21:01:45:045 DEBUG ScheduleServiceImpl:run - Contest (id=1) changed status to GOING
2015-04-29 21:01:45:045 DEBUG ScheduleServiceImpl:refresh - Register stop contest action for contest id=1
2015-04-29 21:01:45:045 DEBUG ScheduleServiceImpl:run - Contest (id=1) changed status to ARCHIVE
