#
# A fatal error has been detected by the Java Runtime Environment:
#
#  EXCEPTION_ACCESS_VIOLATION (0xc0000005) at pc=0xffffffffa39d5120, pid=5000, tid=4076
#
# JRE version: Java(TM) SE Runtime Environment (8.0_31-b13) (build 1.8.0_31-b13)
# Java VM: Java HotSpot(TM) 64-Bit Server VM (25.31-b07 mixed mode windows-amd64 compressed oops)
# Problematic frame:
# C  0xffffffffa39d5120
#
# Failed to write core dump. Minidumps are not enabled by default on client versions of Windows
#
# If you would like to submit a bug report, please visit:
#   http://bugreport.java.com/bugreport/crash.jsp
#

---------------  T H R E A D  ---------------

Current thread (0x0000000002243000):  JavaThread "main" [_thread_in_Java, id=4076, stack(0x0000000002600000,0x0000000002700000)]

siginfo: ExceptionCode=0xc0000005, ExceptionInformation=0x0000000000000008 0xffffffffa39d5120

Registers:
RAX=0x0000000058182938, RBX=0x0000000058182938, RCX=0x0000000058186778, RDX=0x00000000ebcd62b0
RSP=0x00000000026f9d88, RBP=0x00000000026f9e00, RSI=0x00000000deff9828, RDI=0x0000000000000039
R8 =0x00000000ebcd5ad8, R9 =0x000000000000000d, R10=0x00000000550562c0, R11=0x0000000003153f80
R12=0x0000000000000000, R13=0x00000000026f9d98, R14=0x00000000026f9e60, R15=0x0000000002243000
RIP=0xffffffffa39d5120, EFLAGS=0x0000000000010206

Top of Stack: (sp=0x00000000026f9d88)
0x00000000026f9d88:   00000000029d7450 00000000029d7450
0x00000000026f9d98:   00000000deff9828 0000000000000039
0x00000000026f9da8:   000000000000000d 00000000ebcd5ad8
0x00000000026f9db8:   00000000ebcd62b0 00000000026f9dc0
0x00000000026f9dc8:   0000000058180bc2 00000000026f9e60
0x00000000026f9dd8:   0000000058186778 0000000000000000
0x00000000026f9de8:   0000000058180c18 00000000026f9d98
0x00000000026f9df8:   00000000026f9e50 00000000026f9ea8
0x00000000026f9e08:   00000000029d7790 f593aaff00432861
0x00000000026f9e18:   0000000000000000 00000000fabbf84f
0x00000000026f9e28:   00000000deff9828 000000000000000d
0x00000000026f9e38:   000000000000003a 0000000000432861
0x00000000026f9e48:   0000000000000080 00000000ebcd62b0
0x00000000026f9e58:   0000000000000040 00000000ebcd5ad8
0x00000000026f9e68:   00000000026f9e68 00000000581824f5
0x00000000026f9e78:   00000000026f9f88 0000000058186778 

Instructions: (pc=0xffffffffa39d5120)
0xffffffffa39d5100:   
[error occurred during error reporting (printing registers, top of stack, instructions near pc), id 0xc0000005]

Register to memory mapping:

RAX={method} {0x0000000058182940} 'mulAdd' '([I[IIII)I' in 'java/math/BigInteger'
RBX={method} {0x0000000058182940} 'mulAdd' '([I[IIII)I' in 'java/math/BigInteger'
RCX=0x0000000058186778 is pointing into metadata
RDX=0x00000000ebcd62b0 is an oop
[I 
 - klass: {type array int}
 - length: 128
RSP=0x00000000026f9d88 is pointing into the stack for thread: 0x0000000002243000
RBP=0x00000000026f9e00 is pointing into the stack for thread: 0x0000000002243000
RSI=0x00000000deff9828 is an unallocated location in the heap
RDI=0x0000000000000039 is an unknown value
R8 =0x00000000ebcd5ad8 is an oop
[I 
 - klass: {type array int}
 - length: 128
R9 =0x000000000000000d is an unknown value
R10=0x00000000550562c0 is an unknown value
R11=0x0000000003153f80 is at entry_point+0 in (nmethod*)0x0000000003153e10
R12=0x0000000000000000 is an unknown value
R13=0x00000000026f9d98 is pointing into the stack for thread: 0x0000000002243000
R14=0x00000000026f9e60 is pointing into the stack for thread: 0x0000000002243000
R15=0x0000000002243000 is a thread


Stack: [0x0000000002600000,0x0000000002700000],  sp=0x00000000026f9d88,  free space=999k
Native frames: (J=compiled Java code, j=interpreted, Vv=VM code, C=native code)
C  0xffffffffa39d5120


---------------  P R O C E S S  ---------------

Java Threads: ( => current thread )
  0x0000000058642800 JavaThread "Abandoned connection cleanup thread" daemon [_thread_blocked, id=4780, stack(0x0000000059c40000,0x0000000059d40000)]
  0x00000000574be000 JavaThread "Monitor Ctrl-Break" daemon [_thread_in_native, id=4932, stack(0x0000000057cd0000,0x0000000057dd0000)]
  0x0000000054856800 JavaThread "Service Thread" daemon [_thread_blocked, id=784, stack(0x0000000056ed0000,0x0000000056fd0000)]
  0x00000000547fd800 JavaThread "C1 CompilerThread1" daemon [_thread_blocked, id=896, stack(0x0000000056d60000,0x0000000056e60000)]
  0x00000000547fb800 JavaThread "C2 CompilerThread0" daemon [_thread_in_native, id=4604, stack(0x0000000056b70000,0x0000000056c70000)]
  0x00000000547fa000 JavaThread "Attach Listener" daemon [_thread_blocked, id=4576, stack(0x0000000056940000,0x0000000056a40000)]
  0x0000000054806800 JavaThread "Signal Dispatcher" daemon [_thread_blocked, id=884, stack(0x00000000566d0000,0x00000000567d0000)]
  0x0000000054799800 JavaThread "Finalizer" daemon [_thread_blocked, id=840, stack(0x0000000056460000,0x0000000056560000)]
  0x0000000054794000 JavaThread "Reference Handler" daemon [_thread_blocked, id=816, stack(0x0000000056560000,0x0000000056660000)]
=>0x0000000002243000 JavaThread "main" [_thread_in_Java, id=4076, stack(0x0000000002600000,0x0000000002700000)]

Other Threads:
  0x0000000054790000 VMThread [stack: 0x00000000562b0000,0x00000000563b0000] [id=2588]
  0x0000000054858800 WatcherThread [stack: 0x0000000056800000,0x0000000056900000] [id=872]

VM state:not at safepoint (normal execution)

VM Mutex/Monitor currently owned by a thread: None

Heap:
 PSYoungGen      total 69120K, used 24525K [0x00000000eab00000, 0x00000000efa00000, 0x0000000100000000)
  eden space 63488K, 29% used [0x00000000eab00000,0x00000000ebd77fb8,0x00000000ee900000)
  from space 5632K, 99% used [0x00000000ef080000,0x00000000ef5fb480,0x00000000ef600000)
  to   space 7680K, 0% used [0x00000000ee900000,0x00000000ee900000,0x00000000ef080000)
 ParOldGen       total 44032K, used 9951K [0x00000000c0000000, 0x00000000c2b00000, 0x00000000eab00000)
  object space 44032K, 22% used [0x00000000c0000000,0x00000000c09b7ff8,0x00000000c2b00000)
 Metaspace       used 19813K, capacity 20024K, committed 20224K, reserved 1067008K
  class space    used 2395K, capacity 2453K, committed 2560K, reserved 1048576K

Card table byte_map: [0x0000000011d90000,0x0000000011fa0000] byte_map_base: 0x0000000011790000

Marking Bits: (ParMarkBitMap*) 0x000000005506d4f0
 Begin Bits: [0x0000000012460000, 0x0000000013460000)
 End Bits:   [0x0000000013460000, 0x0000000014460000)

Polling page: 0x0000000000230000

CodeCache: size=245760Kb used=7693Kb max_used=7693Kb free=238066Kb
 bounds [0x00000000029d0000, 0x0000000003160000, 0x00000000119d0000]
 total_blobs=2451 nmethods=2083 adapters=282
 compilation: enabled

Compilation events (10 events):
Event: 5.640 Thread 0x00000000547fd800 2093 %     3       sun.security.provider.SHA2::implCompress @ 142 (331 bytes)
Event: 5.641 Thread 0x00000000547fd800 nmethod 2093% 0x0000000003151a90 code [0x0000000003151d00, 0x0000000003152cc8]
Event: 5.641 Thread 0x00000000547fd800 2094       2       java.math.BigInteger::mulAdd (81 bytes)
Event: 5.642 Thread 0x00000000547fd800 nmethod 2094 0x0000000003153e10 code [0x0000000003153f80, 0x00000000031541b0]
Event: 5.642 Thread 0x00000000547fd800 2095       2       java.math.BigInteger::addOne (77 bytes)
Event: 5.642 Thread 0x00000000547fd800 nmethod 2095 0x00000000031543d0 code [0x0000000003154540, 0x00000000031547b0]
Event: 5.642 Thread 0x00000000547fd800 2096 %     3       java.math.BigInteger::mulAdd @ 24 (81 bytes)
Event: 5.642 Thread 0x00000000547fd800 nmethod 2096% 0x0000000003154910 code [0x0000000003154a80, 0x0000000003154d90]
Event: 5.642 Thread 0x00000000547fd800 2097       3       java.math.BigInteger::mulAdd (81 bytes)
Event: 5.642 Thread 0x00000000547fd800 nmethod 2097 0x0000000003155050 code [0x00000000031551c0, 0x0000000003155450]

GC Heap History (10 events):
Event: 2.099 GC heap before
{Heap before GC invocations=2 (full 0):
 PSYoungGen      total 18944K, used 18926K [0x00000000eab00000, 0x00000000ec000000, 0x0000000100000000)
  eden space 16384K, 100% used [0x00000000eab00000,0x00000000ebb00000,0x00000000ebb00000)
  from space 2560K, 99% used [0x00000000ebb00000,0x00000000ebd7bb48,0x00000000ebd80000)
  to   space 2560K, 0% used [0x00000000ebd80000,0x00000000ebd80000,0x00000000ec000000)
 ParOldGen       total 44032K, used 550K [0x00000000c0000000, 0x00000000c2b00000, 0x00000000eab00000)
  object space 44032K, 1% used [0x00000000c0000000,0x00000000c00898d0,0x00000000c2b00000)
 Metaspace       used 10858K, capacity 10964K, committed 11136K, reserved 1058816K
  class space    used 1265K, capacity 1304K, committed 1408K, reserved 1048576K
Event: 2.113 GC heap after
Heap after GC invocations=2 (full 0):
 PSYoungGen      total 18944K, used 2545K [0x00000000eab00000, 0x00000000ed000000, 0x0000000100000000)
  eden space 16384K, 0% used [0x00000000eab00000,0x00000000eab00000,0x00000000ebb00000)
  from space 2560K, 99% used [0x00000000ebd80000,0x00000000ebffc7c0,0x00000000ec000000)
  to   space 2560K, 0% used [0x00000000ebb00000,0x00000000ebb00000,0x00000000ebd80000)
 ParOldGen       total 44032K, used 2020K [0x00000000c0000000, 0x00000000c2b00000, 0x00000000eab00000)
  object space 44032K, 4% used [0x00000000c0000000,0x00000000c01f9378,0x00000000c2b00000)
 Metaspace       used 10858K, capacity 10964K, committed 11136K, reserved 1058816K
  class space    used 1265K, capacity 1304K, committed 1408K, reserved 1048576K
}
Event: 3.558 GC heap before
{Heap before GC invocations=3 (full 0):
 PSYoungGen      total 18944K, used 18929K [0x00000000eab00000, 0x00000000ed000000, 0x0000000100000000)
  eden space 16384K, 100% used [0x00000000eab00000,0x00000000ebb00000,0x00000000ebb00000)
  from space 2560K, 99% used [0x00000000ebd80000,0x00000000ebffc7c0,0x00000000ec000000)
  to   space 2560K, 0% used [0x00000000ebb00000,0x00000000ebb00000,0x00000000ebd80000)
 ParOldGen       total 44032K, used 2020K [0x00000000c0000000, 0x00000000c2b00000, 0x00000000eab00000)
  object space 44032K, 4% used [0x00000000c0000000,0x00000000c01f9378,0x00000000c2b00000)
 Metaspace       used 12352K, capacity 12410K, committed 12544K, reserved 1060864K
  class space    used 1442K, capacity 1465K, committed 1536K, reserved 1048576K
Event: 3.667 GC heap after
Heap after GC invocations=3 (full 0):
 PSYoungGen      total 18944K, used 2548K [0x00000000eab00000, 0x00000000ed000000, 0x0000000100000000)
  eden space 16384K, 0% used [0x00000000eab00000,0x00000000eab00000,0x00000000ebb00000)
  from space 2560K, 99% used [0x00000000ebb00000,0x00000000ebd7d218,0x00000000ebd80000)
  to   space 2560K, 0% used [0x00000000ecd80000,0x00000000ecd80000,0x00000000ed000000)
 ParOldGen       total 44032K, used 4083K [0x00000000c0000000, 0x00000000c2b00000, 0x00000000eab00000)
  object space 44032K, 9% used [0x00000000c0000000,0x00000000c03fcc70,0x00000000c2b00000)
 Metaspace       used 12352K, capacity 12410K, committed 12544K, reserved 1060864K
  class space    used 1442K, capacity 1465K, committed 1536K, reserved 1048576K
}
Event: 4.280 GC heap before
{Heap before GC invocations=4 (full 0):
 PSYoungGen      total 18944K, used 18932K [0x00000000eab00000, 0x00000000ed000000, 0x0000000100000000)
  eden space 16384K, 100% used [0x00000000eab00000,0x00000000ebb00000,0x00000000ebb00000)
  from space 2560K, 99% used [0x00000000ebb00000,0x00000000ebd7d218,0x00000000ebd80000)
  to   space 2560K, 0% used [0x00000000ecd80000,0x00000000ecd80000,0x00000000ed000000)
 ParOldGen       total 44032K, used 4083K [0x00000000c0000000, 0x00000000c2b00000, 0x00000000eab00000)
  object space 44032K, 9% used [0x00000000c0000000,0x00000000c03fcc70,0x00000000c2b00000)
 Metaspace       used 13857K, capacity 13984K, committed 14336K, reserved 1062912K
  class space    used 1649K, capacity 1690K, committed 1792K, reserved 1048576K
Event: 4.296 GC heap after
Heap after GC invocations=4 (full 0):
 PSYoungGen      total 35328K, used 2548K [0x00000000eab00000, 0x00000000ed000000, 0x0000000100000000)
  eden space 32768K, 0% used [0x00000000eab00000,0x00000000eab00000,0x00000000ecb00000)
  from space 2560K, 99% used [0x00000000ecd80000,0x00000000ecffd1f0,0x00000000ed000000)
  to   space 2560K, 0% used [0x00000000ecb00000,0x00000000ecb00000,0x00000000ecd80000)
 ParOldGen       total 44032K, used 5292K [0x00000000c0000000, 0x00000000c2b00000, 0x00000000eab00000)
  object space 44032K, 12% used [0x00000000c0000000,0x00000000c052b198,0x00000000c2b00000)
 Metaspace       used 13857K, capacity 13984K, committed 14336K, reserved 1062912K
  class space    used 1649K, capacity 1690K, committed 1792K, reserved 1048576K
}
Event: 4.753 GC heap before
{Heap before GC invocations=5 (full 0):
 PSYoungGen      total 35328K, used 35288K [0x00000000eab00000, 0x00000000ed000000, 0x0000000100000000)
  eden space 32768K, 99% used [0x00000000eab00000,0x00000000ecaf91f8,0x00000000ecb00000)
  from space 2560K, 99% used [0x00000000ecd80000,0x00000000ecffd1f0,0x00000000ed000000)
  to   space 2560K, 0% used [0x00000000ecb00000,0x00000000ecb00000,0x00000000ecd80000)
 ParOldGen       total 44032K, used 5292K [0x00000000c0000000, 0x00000000c2b00000, 0x00000000eab00000)
  object space 44032K, 12% used [0x00000000c0000000,0x00000000c052b198,0x00000000c2b00000)
 Metaspace       used 16153K, capacity 16320K, committed 16640K, reserved 1064960K
  class space    used 1924K, capacity 1968K, committed 2048K, reserved 1048576K
Event: 4.768 GC heap after
Heap after GC invocations=5 (full 0):
 PSYoungGen      total 35328K, used 2547K [0x00000000eab00000, 0x00000000ef600000, 0x0000000100000000)
  eden space 32768K, 0% used [0x00000000eab00000,0x00000000eab00000,0x00000000ecb00000)
  from space 2560K, 99% used [0x00000000ecb00000,0x00000000ecd7cc80,0x00000000ecd80000)
  to   space 5632K, 0% used [0x00000000ef080000,0x00000000ef080000,0x00000000ef600000)
 ParOldGen       total 44032K, used 7466K [0x00000000c0000000, 0x00000000c2b00000, 0x00000000eab00000)
  object space 44032K, 16% used [0x00000000c0000000,0x00000000c074aa68,0x00000000c2b00000)
 Metaspace       used 16153K, capacity 16320K, committed 16640K, reserved 1064960K
  class space    used 1924K, capacity 1968K, committed 2048K, reserved 1048576K
}
Event: 5.203 GC heap before
{Heap before GC invocations=6 (full 0):
 PSYoungGen      total 35328K, used 35315K [0x00000000eab00000, 0x00000000ef600000, 0x0000000100000000)
  eden space 32768K, 100% used [0x00000000eab00000,0x00000000ecb00000,0x00000000ecb00000)
  from space 2560K, 99% used [0x00000000ecb00000,0x00000000ecd7cc80,0x00000000ecd80000)
  to   space 5632K, 0% used [0x00000000ef080000,0x00000000ef080000,0x00000000ef600000)
 ParOldGen       total 44032K, used 7466K [0x00000000c0000000, 0x00000000c2b00000, 0x00000000eab00000)
  object space 44032K, 16% used [0x00000000c0000000,0x00000000c074aa68,0x00000000c2b00000)
 Metaspace       used 18560K, capacity 18732K, committed 19072K, reserved 1067008K
  class space    used 2253K, capacity 2322K, committed 2432K, reserved 1048576K
Event: 5.311 GC heap after
Heap after GC invocations=6 (full 0):
 PSYoungGen      total 69120K, used 5613K [0x00000000eab00000, 0x00000000efa00000, 0x0000000100000000)
  eden space 63488K, 0% used [0x00000000eab00000,0x00000000eab00000,0x00000000ee900000)
  from space 5632K, 99% used [0x00000000ef080000,0x00000000ef5fb480,0x00000000ef600000)
  to   space 7680K, 0% used [0x00000000ee900000,0x00000000ee900000,0x00000000ef080000)
 ParOldGen       total 44032K, used 9951K [0x00000000c0000000, 0x00000000c2b00000, 0x00000000eab00000)
  object space 44032K, 22% used [0x00000000c0000000,0x00000000c09b7ff8,0x00000000c2b00000)
 Metaspace       used 18560K, capacity 18732K, committed 19072K, reserved 1067008K
  class space    used 2253K, capacity 2322K, committed 2432K, reserved 1048576K
}

Deoptimization events (10 events):
Event: 4.518 Thread 0x0000000002243000 Uncommon trap: reason=class_check action=maybe_recompile pc=0x0000000002f9c898 method=java.util.concurrent.ConcurrentHashMap.putVal(Ljava/lang/Object;Ljava/lang/Object;Z)Ljava/lang/Object; @ 192
Event: 4.518 Thread 0x0000000002243000 Uncommon trap: reason=class_check action=maybe_recompile pc=0x0000000002f9c898 method=java.util.concurrent.ConcurrentHashMap.putVal(Ljava/lang/Object;Ljava/lang/Object;Z)Ljava/lang/Object; @ 192
Event: 4.518 Thread 0x0000000002243000 Uncommon trap: reason=class_check action=maybe_recompile pc=0x0000000002f9c898 method=java.util.concurrent.ConcurrentHashMap.putVal(Ljava/lang/Object;Ljava/lang/Object;Z)Ljava/lang/Object; @ 192
Event: 4.518 Thread 0x0000000002243000 Uncommon trap: reason=class_check action=maybe_recompile pc=0x0000000002f9c898 method=java.util.concurrent.ConcurrentHashMap.putVal(Ljava/lang/Object;Ljava/lang/Object;Z)Ljava/lang/Object; @ 192
Event: 4.520 Thread 0x0000000002243000 Uncommon trap: reason=bimorphic action=maybe_recompile pc=0x0000000002e729e0 method=java.util.HashMap.putVal(ILjava/lang/Object;Ljava/lang/Object;ZZ)Ljava/lang/Object; @ 203
Event: 4.522 Thread 0x0000000002243000 Uncommon trap: reason=bimorphic action=maybe_recompile pc=0x0000000002e729e0 method=java.util.HashMap.putVal(ILjava/lang/Object;Ljava/lang/Object;ZZ)Ljava/lang/Object; @ 203
Event: 4.523 Thread 0x0000000002243000 Uncommon trap: reason=bimorphic action=maybe_recompile pc=0x0000000002e729e0 method=java.util.HashMap.putVal(ILjava/lang/Object;Ljava/lang/Object;ZZ)Ljava/lang/Object; @ 203
Event: 4.523 Thread 0x0000000002243000 Uncommon trap: reason=bimorphic action=maybe_recompile pc=0x0000000002e6ae84 method=java.util.HashMap.putVal(ILjava/lang/Object;Ljava/lang/Object;ZZ)Ljava/lang/Object; @ 203
Event: 4.678 Thread 0x0000000002243000 Uncommon trap: reason=unreached action=reinterpret pc=0x0000000002fba684 method=java.util.HashMap.hash(Ljava/lang/Object;)I @ 1
Event: 5.523 Thread 0x0000000002243000 Uncommon trap: reason=unreached action=reinterpret pc=0x0000000003045f60 method=java.lang.reflect.Method.equals(Ljava/lang/Object;)Z @ 1

Internal exceptions (10 events):
Event: 5.546 Thread 0x0000000002243000 Exception <a 'java/security/PrivilegedActionException'> (0x00000000ebb2b030) thrown at [C:\workspace\8-2-build-windows-amd64-cygwin\jdk8u31\2394\hotspot\src\share\vm\prims\jvm.cpp, line 1312]
Event: 5.546 Thread 0x0000000002243000 Exception <a 'java/security/PrivilegedActionException'> (0x00000000ebb37548) thrown at [C:\workspace\8-2-build-windows-amd64-cygwin\jdk8u31\2394\hotspot\src\share\vm\prims\jvm.cpp, line 1312]
Event: 5.546 Thread 0x0000000002243000 Exception <a 'java/security/PrivilegedActionException'> (0x00000000ebb38b80) thrown at [C:\workspace\8-2-build-windows-amd64-cygwin\jdk8u31\2394\hotspot\src\share\vm\prims\jvm.cpp, line 1312]
Event: 5.547 Thread 0x0000000002243000 Exception <a 'java/security/PrivilegedActionException'> (0x00000000ebb45228) thrown at [C:\workspace\8-2-build-windows-amd64-cygwin\jdk8u31\2394\hotspot\src\share\vm\prims\jvm.cpp, line 1312]
Event: 5.547 Thread 0x0000000002243000 Exception <a 'java/lang/ClassNotFoundException': org/springframework/jdbc/datasource/AbstractDriverBasedDataSourceCustomizer> (0x00000000ebb45630) thrown at [C:\workspace\8-2-build-windows-amd64-cygwin\jdk8u31\2394\hotspot\src\share\vm\classfile\systemDict/†Éê1@
Event: 5.548 Thread 0x0000000002243000 Exception <a 'java/security/PrivilegedActionException'> (0x00000000ebb54cf0) thrown at [C:\workspace\8-2-build-windows-amd64-cygwin\jdk8u31\2394\hotspot\src\share\vm\prims\jvm.cpp, line 1312]
Event: 5.549 Thread 0x0000000002243000 Exception <a 'java/security/PrivilegedActionException'> (0x00000000ebb60508) thrown at [C:\workspace\8-2-build-windows-amd64-cygwin\jdk8u31\2394\hotspot\src\share\vm\prims\jvm.cpp, line 1312]
Event: 5.549 Thread 0x0000000002243000 Exception <a 'java/security/PrivilegedActionException'> (0x00000000ebb618d8) thrown at [C:\workspace\8-2-build-windows-amd64-cygwin\jdk8u31\2394\hotspot\src\share\vm\prims\jvm.cpp, line 1312]
Event: 5.549 Thread 0x0000000002243000 Exception <a 'java/security/PrivilegedActionException'> (0x00000000ebb6d0f0) thrown at [C:\workspace\8-2-build-windows-amd64-cygwin\jdk8u31\2394\hotspot\src\share\vm\prims\jvm.cpp, line 1312]
Event: 5.549 Thread 0x0000000002243000 Exception <a 'java/lang/ClassNotFoundException': org/springframework/jdbc/datasource/DriverManagerDataSourceCustomizer> (0x00000000ebb6d4f0) thrown at [C:\workspace\8-2-build-windows-amd64-cygwin\jdk8u31\2394\hotspot\src\share\vm\classfile\systemDictionary“©ËA/@

Events (10 events):
Event: 5.633 loading class sun/security/rsa/RSAPrivateKeyImpl
Event: 5.633 loading class sun/security/rsa/RSAPrivateKeyImpl done
Event: 5.633 loading class sun/security/rsa/RSACore
Event: 5.633 loading class sun/security/rsa/RSACore done
Event: 5.633 loading class sun/security/rsa/RSAPadding
Event: 5.633 loading class sun/security/rsa/RSAPadding done
Event: 5.642 Thread 0x0000000002243000 DEOPT PACKING pc=0x00000000031540e3 sp=0x00000000026f9d40
Event: 5.642 Thread 0x0000000002243000 DEOPT UNPACKING pc=0x0000000002a171bf sp=0x00000000026f9a48 mode 0
Event: 5.642 Thread 0x0000000002243000 DEOPT PACKING pc=0x00000000031540e3 sp=0x00000000026f9d50
Event: 5.642 Thread 0x0000000002243000 DEOPT UNPACKING pc=0x0000000002a171bf sp=0x00000000026f9a58 mode 0


Dynamic libraries:
0x000000013f390000 - 0x000000013f3c4000 	D:\Program Files\Java\jdk1.8.0_31\bin\java.exe
0x0000000076fc0000 - 0x0000000077169000 	C:\Windows\SYSTEM32\ntdll.dll
0x0000000076da0000 - 0x0000000076ebf000 	C:\Windows\system32\kernel32.dll
0x000007fefd270000 - 0x000007fefd2db000 	C:\Windows\system32\KERNELBASE.dll
0x000007fefe850000 - 0x000007fefe92b000 	C:\Windows\system32\ADVAPI32.dll
0x000007feff220000 - 0x000007feff2bf000 	C:\Windows\system32\msvcrt.dll
0x000007fefe6f0000 - 0x000007fefe70f000 	C:\Windows\SYSTEM32\sechost.dll
0x000007fefe710000 - 0x000007fefe83d000 	C:\Windows\system32\RPCRT4.dll
0x0000000076ec0000 - 0x0000000076fba000 	C:\Windows\system32\USER32.dll
0x000007fefece0000 - 0x000007fefed47000 	C:\Windows\system32\GDI32.dll
0x000007fefe840000 - 0x000007fefe84e000 	C:\Windows\system32\LPK.dll
0x000007fefefb0000 - 0x000007feff079000 	C:\Windows\system32\USP10.dll
0x000007fefb9c0000 - 0x000007fefbbb4000 	C:\Windows\WinSxS\amd64_microsoft.windows.common-controls_6595b64144ccf1df_6.0.7601.17514_none_fa396087175ac9ac\COMCTL32.dll
0x000007fefd3c0000 - 0x000007fefd431000 	C:\Windows\system32\SHLWAPI.dll
0x000007fefd390000 - 0x000007fefd3be000 	C:\Windows\system32\IMM32.DLL
0x000007fefd850000 - 0x000007fefd959000 	C:\Windows\system32\MSCTF.dll
0x000000006b250000 - 0x000000006b322000 	D:\Program Files\Java\jdk1.8.0_31\jre\bin\msvcr100.dll
0x0000000054890000 - 0x00000000550ea000 	D:\Program Files\Java\jdk1.8.0_31\jre\bin\server\jvm.dll
0x000007fef4590000 - 0x000007fef4599000 	C:\Windows\system32\WSOCK32.dll
0x000007fefd340000 - 0x000007fefd38d000 	C:\Windows\system32\WS2_32.dll
0x000007feff2c0000 - 0x000007feff2c8000 	C:\Windows\system32\NSI.dll
0x000007fefa1b0000 - 0x000007fefa1eb000 	C:\Windows\system32\WINMM.dll
0x0000000077190000 - 0x0000000077197000 	C:\Windows\system32\PSAPI.DLL
0x0000000074c10000 - 0x0000000074c1f000 	D:\Program Files\Java\jdk1.8.0_31\jre\bin\verify.dll
0x00000000742b0000 - 0x00000000742d8000 	D:\Program Files\Java\jdk1.8.0_31\jre\bin\java.dll
0x00000000742f0000 - 0x0000000074306000 	D:\Program Files\Java\jdk1.8.0_31\jre\bin\zip.dll
0x000007fefd960000 - 0x000007fefe6e8000 	C:\Windows\system32\SHELL32.dll
0x000007fefd440000 - 0x000007fefd643000 	C:\Windows\system32\ole32.dll
0x000007fefcf10000 - 0x000007fefcf1f000 	C:\Windows\system32\profapi.dll
0x000007fef4520000 - 0x000007fef4530000 	D:\Program Files\IntelliJ IDEA 14.0.3\bin\breakgen64.dll
0x0000000074290000 - 0x00000000742aa000 	D:\Program Files\Java\jdk1.8.0_31\jre\bin\net.dll
0x000007fefc740000 - 0x000007fefc795000 	C:\Windows\system32\mswsock.dll
0x000007fefc730000 - 0x000007fefc737000 	C:\Windows\System32\wship6.dll
0x000007fefc7a0000 - 0x000007fefc7b7000 	C:\Windows\system32\CRYPTSP.dll
0x000007fefc4a0000 - 0x000007fefc4e7000 	C:\Windows\system32\rsaenh.dll
0x000007fefc250000 - 0x000007fefc26e000 	C:\Windows\system32\USERENV.dll
0x000007fefce40000 - 0x000007fefce4f000 	C:\Windows\system32\CRYPTBASE.dll
0x000007fefa7f0000 - 0x000007fefa817000 	C:\Windows\system32\IPHLPAPI.DLL
0x000007fefa7c0000 - 0x000007fefa7cb000 	C:\Windows\system32\WINNSI.DLL
0x000007fefa250000 - 0x000007fefa261000 	C:\Windows\system32\dhcpcsvc6.DLL
0x000007fef9ad0000 - 0x000007fef9ae8000 	C:\Windows\system32\dhcpcsvc.DLL
0x0000000074270000 - 0x0000000074281000 	D:\Program Files\Java\jdk1.8.0_31\jre\bin\nio.dll
0x000007fef3290000 - 0x000007fef33b5000 	C:\Windows\system32\dbghelp.dll

VM Arguments:
jvm_args: -Didea.launcher.port=7533 -Didea.launcher.bin.path=D:\Program Files\IntelliJ IDEA 14.0.3\bin -Dfile.encoding=UTF-8 
java_command: com.intellij.rt.execution.application.AppMain com.nwchecker.server.Main
java_class_path (initial): D:\Program Files\Java\jdk1.8.0_31\jre\lib\charsets.jar;D:\Program Files\Java\jdk1.8.0_31\jre\lib\deploy.jar;D:\Program Files\Java\jdk1.8.0_31\jre\lib\javaws.jar;D:\Program Files\Java\jdk1.8.0_31\jre\lib\jce.jar;D:\Program Files\Java\jdk1.8.0_31\jre\lib\jfr.jar;D:\Program Files\Java\jdk1.8.0_31\jre\lib\jfxswt.jar;D:\Program Files\Java\jdk1.8.0_31\jre\lib\jsse.jar;D:\Program Files\Java\jdk1.8.0_31\jre\lib\management-agent.jar;D:\Program Files\Java\jdk1.8.0_31\jre\lib\plugin.jar;D:\Program Files\Java\jdk1.8.0_31\jre\lib\resources.jar;D:\Program Files\Java\jdk1.8.0_31\jre\lib\rt.jar;D:\Program Files\Java\jdk1.8.0_31\jre\lib\ext\access-bridge-64.jar;D:\Program Files\Java\jdk1.8.0_31\jre\lib\ext\cldrdata.jar;D:\Program Files\Java\jdk1.8.0_31\jre\lib\ext\dnsns.jar;D:\Program Files\Java\jdk1.8.0_31\jre\lib\ext\jaccess.jar;D:\Program Files\Java\jdk1.8.0_31\jre\lib\ext\jfxrt.jar;D:\Program Files\Java\jdk1.8.0_31\jre\lib\ext\localedata.jar;D:\Program Files\Java\jdk1.8.0_31\jre\lib\ext\nashorn.jar;D:\Program Files\Java\jdk1.8.0_31\jre\lib\ext\sunec.jar;D:\Program Files\Java\jdk1.8.0_31\jre\lib\ext\sunjce_provider.jar;D:\Program Files\Java\jdk1.8.0_31\jre\lib\ext\sunmscapi.jar;D:\Program Files\Java\jdk1.8.0_31\jre\lib\ext\sunpkcs11.jar;D:\Program Files\Java\jdk1.8.0_31\jre\lib\ext\zipfs.jar;D:\nwchecker\nwcserver\target\classes;C:\Users\chicken\.m2\repository\commons-fileupload\commons-fileupload\1.2.1\commons-fileupload-1.2.1.jar;C:\Users\chicken\.m2\repository\commons-io\commons-io\2.4\commons-io-2.4.jar;C:\Users\chicken\.m2\repository\javax\servlet\jsp\javax.servlet.jsp-api\2.3.1\javax.servlet.jsp-api-2.3.1.jar;C:\Users\chicken\.m2\repository\org\springframework\spring-context\4.1.2.RELEASE\spring-context-4.1.2.RELEASE.jar;C:\Users\chicken\.m2\repository\org\springframework\spring-core\4.1.2.RELEASE\spring-core-4.1.2.RELEASE.jar;C:\Users\chicken\.m2\repository\org\springframework\spring-expression\4.1.2.RELEASE\spring-expression-4.1.2.RELEASE.jar;
Launcher Type: SUN_STANDARD

Environment Variables:
JAVA_HOME=D:\Program Files\Java\jdk1.8.0_31
PATH=C:\ProgramData\Oracle\Java\javapath;D:\oraclexe\app\oracle\product\10.2.0\server\bin;C:\Program Files (x86)\NVIDIA Corporation\PhysX\Common;C:\Windows\system32;C:\Windows;C:\Windows\System32\Wbem;C:\Windows\System32\WindowsPowerShell\v1.0\;%GIT_HOME%\bin;C:\Program Files (x86)\Zillya Internet Security\;C:\Program Files (x86)\Common Files\Zillya Internet Security\Bases\; ;D:\Program Files\apache-maven-3.3.1\bin;D:\Program Files\Java\jdk1.8.0_31\bin;C:\Program Files (x86)\Skype\Phone\
USERNAME=chicken
OS=Windows_NT
PROCESSOR_IDENTIFIER=Intel64 Family 6 Model 15 Stepping 11, GenuineIntel



---------------  S Y S T E M  ---------------

OS: Windows 7 , 64 bit Build 7601 Service Pack 1

CPU:total 2 (2 cores per cpu, 1 threads per core) family 6 model 15 stepping 11, cmov, cx8, fxsr, mmx, sse, sse2, sse3, ssse3, tsc

Memory: 4k page, physical 4192824k(1549604k free), swap 8383804k(4874616k free)

vm_info: Java HotSpot(TM) 64-Bit Server VM (25.31-b07) for windows-amd64 JRE (1.8.0_31-b13), built on Dec 17 2014 21:00:28 by "java_re" with MS VC++ 10.0 (VS2010)

time: Sun Apr 19 21:25:04 2015
elapsed time: 5 seconds (0d 0h 0m 5s)

