#
# A fatal error has been detected by the Java Runtime Environment:
#
#  EXCEPTION_ACCESS_VIOLATION (0xc0000005) at pc=0xffffffffa3915120, pid=2808, tid=4156
#
# JRE version: Java(TM) SE Runtime Environment (8.0_31-b13) (build 1.8.0_31-b13)
# Java VM: Java HotSpot(TM) 64-Bit Server VM (25.31-b07 mixed mode windows-amd64 compressed oops)
# Problematic frame:
# C  0xffffffffa3915120
#
# Failed to write core dump. Minidumps are not enabled by default on client versions of Windows
#
# If you would like to submit a bug report, please visit:
#   http://bugreport.java.com/bugreport/crash.jsp
#

---------------  T H R E A D  ---------------

Current thread (0x00000000021b3000):  JavaThread "main" [_thread_in_Java, id=4156, stack(0x0000000002540000,0x0000000002640000)]

siginfo: ExceptionCode=0xc0000005, ExceptionInformation=0x0000000000000008 0xffffffffa3915120

Registers:
RAX=0x0000000018d50a50, RBX=0x0000000018d50a50, RCX=0x0000000018d51360, RDX=0x00000000c0c47607
RSP=0x0000000002639ec8, RBP=0x0000000002639f38, RSI=0x0000000011d81f03, RDI=0x00000000000188b0
R8 =0x0000000087cf6e0d, R9 =0x00000000b2c35518, R10=0x00000000545862c0, R11=0x0000000002a937e0
R12=0x0000000000000000, R13=0x0000000002639ed8, R14=0x0000000002639fb0, R15=0x00000000021b3000
RIP=0xffffffffa3915120, EFLAGS=0x0000000000010202

Top of Stack: (sp=0x0000000002639ec8)
0x0000000002639ec8:   0000000002917450 0000000002917450
0x0000000002639ed8:   00000000b2c35518 0000000087cf6e0d
0x0000000002639ee8:   00000000c0c47607 0000000051d704a1
0x0000000002639ef8:   0000000002639ef8 0000000018d50f69
0x0000000002639f08:   0000000002639fb0 0000000018d51360
0x0000000002639f18:   0000000000000000 0000000018d51020
0x0000000002639f28:   0000000002639ed8 0000000002639fa0
0x0000000002639f38:   0000000002639ff8 0000000002917a01
0x0000000002639f48:   00000000e3ef3a03 00000000681ab0e8
0x0000000002639f58:   0000000000000023 00000000278d543e
0x0000000002639f68:   0000000055f31a46 000000006fdd70bf
0x0000000002639f78:   000000001912485e 00000000bf74e2fc
0x0000000002639f88:   00000000b2c35518 0000000087cf6e0d
0x0000000002639f98:   00000000c0c47607 00000000000007c0
0x0000000002639fa8:   00000000ebbf73f0 00000000ebcb0180
0x0000000002639fb8:   0000000002639fb8 000000001851f103 

Instructions: (pc=0xffffffffa3915120)
0xffffffffa3915100:   
[error occurred during error reporting (printing registers, top of stack, instructions near pc), id 0xc0000005]

Register to memory mapping:

RAX={method} {0x0000000018d50a58} 'lf_maj' '(III)I' in 'sun/security/provider/SHA2'
RBX={method} {0x0000000018d50a58} 'lf_maj' '(III)I' in 'sun/security/provider/SHA2'
RCX=0x0000000018d51360 is pointing into metadata
RDX=
[error occurred during error reporting (printing register info), id 0xc0000005]

Stack: [0x0000000002540000,0x0000000002640000],  sp=0x0000000002639ec8,  free space=999k
Native frames: (J=compiled Java code, j=interpreted, Vv=VM code, C=native code)
C  0xffffffffa3915120


---------------  P R O C E S S  ---------------

Java Threads: ( => current thread )
  0x0000000017c64000 JavaThread "Abandoned connection cleanup thread" daemon [_thread_blocked, id=3128, stack(0x0000000018e50000,0x0000000018f50000)]
  0x00000000165ce000 JavaThread "Monitor Ctrl-Break" daemon [_thread_in_native, id=5064, stack(0x00000000170a0000,0x00000000171a0000)]
  0x0000000014e55000 JavaThread "Service Thread" daemon [_thread_blocked, id=644, stack(0x0000000016230000,0x0000000016330000)]
  0x0000000014e4e000 JavaThread "C1 CompilerThread1" daemon [_thread_blocked, id=3392, stack(0x0000000015eb0000,0x0000000015fb0000)]
  0x0000000014dfa800 JavaThread "C2 CompilerThread0" daemon [_thread_blocked, id=3100, stack(0x0000000016030000,0x0000000016130000)]
  0x0000000014df9800 JavaThread "Attach Listener" daemon [_thread_blocked, id=4804, stack(0x00000000156e0000,0x00000000157e0000)]
  0x0000000014e04800 JavaThread "Signal Dispatcher" daemon [_thread_blocked, id=4936, stack(0x0000000015db0000,0x0000000015eb0000)]
  0x0000000014d99800 JavaThread "Finalizer" daemon [_thread_blocked, id=4928, stack(0x0000000015c40000,0x0000000015d40000)]
  0x0000000014d94000 JavaThread "Reference Handler" daemon [_thread_blocked, id=1428, stack(0x0000000015a50000,0x0000000015b50000)]
=>0x00000000021b3000 JavaThread "main" [_thread_in_Java, id=4156, stack(0x0000000002540000,0x0000000002640000)]

Other Threads:
  0x0000000014d90000 VMThread [stack: 0x0000000015860000,0x0000000015960000] [id=4940]
  0x0000000016368800 WatcherThread [stack: 0x00000000167a0000,0x00000000168a0000] [id=4472]

VM state:not at safepoint (normal execution)

VM Mutex/Monitor currently owned by a thread: None

Heap:
 PSYoungGen      total 69120K, used 24551K [0x00000000eab00000, 0x00000000efa00000, 0x0000000100000000)
  eden space 63488K, 29% used [0x00000000eab00000,0x00000000ebd7d4e8,0x00000000ee900000)
  from space 5632K, 99% used [0x00000000ef080000,0x00000000ef5fca88,0x00000000ef600000)
  to   space 7680K, 0% used [0x00000000ee900000,0x00000000ee900000,0x00000000ef080000)
 ParOldGen       total 44032K, used 9897K [0x00000000c0000000, 0x00000000c2b00000, 0x00000000eab00000)
  object space 44032K, 22% used [0x00000000c0000000,0x00000000c09aa488,0x00000000c2b00000)
 Metaspace       used 19784K, capacity 20024K, committed 20224K, reserved 1067008K
  class space    used 2394K, capacity 2453K, committed 2560K, reserved 1048576K

Card table byte_map: [0x0000000011cd0000,0x0000000011ee0000] byte_map_base: 0x00000000116d0000

Marking Bits: (ParMarkBitMap*) 0x000000005459d4f0
 Begin Bits: [0x0000000012260000, 0x0000000013260000)
 End Bits:   [0x0000000013260000, 0x0000000014260000)

Polling page: 0x00000000001d0000

CodeCache: size=245760Kb used=7704Kb max_used=7718Kb free=238055Kb
 bounds [0x0000000002910000, 0x00000000030a0000, 0x0000000011910000]
 total_blobs=2460 nmethods=2092 adapters=282
 compilation: enabled

Compilation events (10 events):
Event: 7.012 Thread 0x0000000014e4e000 2114       1       sun.security.provider.SHA2::lf_R (4 bytes)
Event: 7.012 Thread 0x0000000014e4e000 nmethod 2114 0x0000000002a93990 code [0x0000000002a93ae0, 0x0000000002a93bd0]
Event: 7.012 Thread 0x0000000014e4e000 2112       3       sun.security.provider.SHA2::lf_maj (12 bytes)
Event: 7.012 Thread 0x0000000014e4e000 nmethod 2112 0x0000000002a93690 code [0x0000000002a937e0, 0x0000000002a93930]
Event: 7.012 Thread 0x0000000014e4e000 2113       3       sun.security.provider.SHA2::lf_delta0 (20 bytes)
Event: 7.012 Thread 0x0000000014e4e000 nmethod 2113 0x0000000002a931d0 code [0x0000000002a93340, 0x0000000002a935b0]
Event: 7.012 Thread 0x0000000014e4e000 2115       1       sun.security.provider.SHA2::lf_ch (10 bytes)
Event: 7.012 Thread 0x0000000014e4e000 nmethod 2115 0x0000000002a92f50 code [0x0000000002a930a0, 0x0000000002a93190]
Event: 7.012 Thread 0x0000000014e4e000 2116       1       sun.security.provider.SHA2::lf_maj (12 bytes)
Event: 7.012 Thread 0x0000000014e4e000 nmethod 2116 0x0000000002a92cd0 code [0x0000000002a92e20, 0x0000000002a92f10]

GC Heap History (10 events):
Event: 3.602 GC heap before
{Heap before GC invocations=2 (full 0):
 PSYoungGen      total 18944K, used 18942K [0x00000000eab00000, 0x00000000ed000000, 0x0000000100000000)
  eden space 16384K, 100% used [0x00000000eab00000,0x00000000ebb00000,0x00000000ebb00000)
  from space 2560K, 99% used [0x00000000ebb00000,0x00000000ebd7fa18,0x00000000ebd80000)
  to   space 2560K, 0% used [0x00000000ecd80000,0x00000000ecd80000,0x00000000ed000000)
 ParOldGen       total 44032K, used 555K [0x00000000c0000000, 0x00000000c2b00000, 0x00000000eab00000)
  object space 44032K, 1% used [0x00000000c0000000,0x00000000c008afe8,0x00000000c2b00000)
 Metaspace       used 10894K, capacity 10964K, committed 11136K, reserved 1058816K
  class space    used 1266K, capacity 1304K, committed 1408K, reserved 1048576K
Event: 3.615 GC heap after
Heap after GC invocations=2 (full 0):
 PSYoungGen      total 18944K, used 2544K [0x00000000eab00000, 0x00000000ed000000, 0x0000000100000000)
  eden space 16384K, 0% used [0x00000000eab00000,0x00000000eab00000,0x00000000ebb00000)
  from space 2560K, 99% used [0x00000000ecd80000,0x00000000ecffc010,0x00000000ed000000)
  to   space 2560K, 0% used [0x00000000ebb00000,0x00000000ebb00000,0x00000000ebd80000)
 ParOldGen       total 44032K, used 2036K [0x00000000c0000000, 0x00000000c2b00000, 0x00000000eab00000)
  object space 44032K, 4% used [0x00000000c0000000,0x00000000c01fd030,0x00000000c2b00000)
 Metaspace       used 10894K, capacity 10964K, committed 11136K, reserved 1058816K
  class space    used 1266K, capacity 1304K, committed 1408K, reserved 1048576K
}
Event: 4.426 GC heap before
{Heap before GC invocations=3 (full 0):
 PSYoungGen      total 18944K, used 18928K [0x00000000eab00000, 0x00000000ed000000, 0x0000000100000000)
  eden space 16384K, 100% used [0x00000000eab00000,0x00000000ebb00000,0x00000000ebb00000)
  from space 2560K, 99% used [0x00000000ecd80000,0x00000000ecffc010,0x00000000ed000000)
  to   space 2560K, 0% used [0x00000000ebb00000,0x00000000ebb00000,0x00000000ebd80000)
 ParOldGen       total 44032K, used 2036K [0x00000000c0000000, 0x00000000c2b00000, 0x00000000eab00000)
  object space 44032K, 4% used [0x00000000c0000000,0x00000000c01fd030,0x00000000c2b00000)
 Metaspace       used 12397K, capacity 12538K, committed 12800K, reserved 1060864K
  class space    used 1448K, capacity 1465K, committed 1536K, reserved 1048576K
Event: 4.438 GC heap after
Heap after GC invocations=3 (full 0):
 PSYoungGen      total 18944K, used 2548K [0x00000000eab00000, 0x00000000ed000000, 0x0000000100000000)
  eden space 16384K, 0% used [0x00000000eab00000,0x00000000eab00000,0x00000000ebb00000)
  from space 2560K, 99% used [0x00000000ebb00000,0x00000000ebd7d238,0x00000000ebd80000)
  to   space 2560K, 0% used [0x00000000ecd80000,0x00000000ecd80000,0x00000000ed000000)
 ParOldGen       total 44032K, used 4150K [0x00000000c0000000, 0x00000000c2b00000, 0x00000000eab00000)
  object space 44032K, 9% used [0x00000000c0000000,0x00000000c040da88,0x00000000c2b00000)
 Metaspace       used 12397K, capacity 12538K, committed 12800K, reserved 1060864K
  class space    used 1448K, capacity 1465K, committed 1536K, reserved 1048576K
}
Event: 4.919 GC heap before
{Heap before GC invocations=4 (full 0):
 PSYoungGen      total 18944K, used 18932K [0x00000000eab00000, 0x00000000ed000000, 0x0000000100000000)
  eden space 16384K, 100% used [0x00000000eab00000,0x00000000ebb00000,0x00000000ebb00000)
  from space 2560K, 99% used [0x00000000ebb00000,0x00000000ebd7d238,0x00000000ebd80000)
  to   space 2560K, 0% used [0x00000000ecd80000,0x00000000ecd80000,0x00000000ed000000)
 ParOldGen       total 44032K, used 4150K [0x00000000c0000000, 0x00000000c2b00000, 0x00000000eab00000)
  object space 44032K, 9% used [0x00000000c0000000,0x00000000c040da88,0x00000000c2b00000)
 Metaspace       used 13865K, capacity 13984K, committed 14336K, reserved 1062912K
  class space    used 1656K, capacity 1690K, committed 1792K, reserved 1048576K
Event: 4.929 GC heap after
Heap after GC invocations=4 (full 0):
 PSYoungGen      total 35328K, used 2548K [0x00000000eab00000, 0x00000000ed000000, 0x0000000100000000)
  eden space 32768K, 0% used [0x00000000eab00000,0x00000000eab00000,0x00000000ecb00000)
  from space 2560K, 99% used [0x00000000ecd80000,0x00000000ecffd1f0,0x00000000ed000000)
  to   space 2560K, 0% used [0x00000000ecb00000,0x00000000ecb00000,0x00000000ecd80000)
 ParOldGen       total 44032K, used 5353K [0x00000000c0000000, 0x00000000c2b00000, 0x00000000eab00000)
  object space 44032K, 12% used [0x00000000c0000000,0x00000000c053a6b8,0x00000000c2b00000)
 Metaspace       used 13865K, capacity 13984K, committed 14336K, reserved 1062912K
  class space    used 1656K, capacity 1690K, committed 1792K, reserved 1048576K
}
Event: 5.626 GC heap before
{Heap before GC invocations=5 (full 0):
 PSYoungGen      total 35328K, used 35292K [0x00000000eab00000, 0x00000000ed000000, 0x0000000100000000)
  eden space 32768K, 99% used [0x00000000eab00000,0x00000000ecafa100,0x00000000ecb00000)
  from space 2560K, 99% used [0x00000000ecd80000,0x00000000ecffd1f0,0x00000000ed000000)
  to   space 2560K, 0% used [0x00000000ecb00000,0x00000000ecb00000,0x00000000ecd80000)
 ParOldGen       total 44032K, used 5353K [0x00000000c0000000, 0x00000000c2b00000, 0x00000000eab00000)
  object space 44032K, 12% used [0x00000000c0000000,0x00000000c053a6b8,0x00000000c2b00000)
 Metaspace       used 16136K, capacity 16320K, committed 16640K, reserved 1064960K
  class space    used 1923K, capacity 1968K, committed 2048K, reserved 1048576K
Event: 5.642 GC heap after
Heap after GC invocations=5 (full 0):
 PSYoungGen      total 35328K, used 2532K [0x00000000eab00000, 0x00000000ef600000, 0x0000000100000000)
  eden space 32768K, 0% used [0x00000000eab00000,0x00000000eab00000,0x00000000ecb00000)
  from space 2560K, 98% used [0x00000000ecb00000,0x00000000ecd79080,0x00000000ecd80000)
  to   space 5632K, 0% used [0x00000000ef080000,0x00000000ef080000,0x00000000ef600000)
 ParOldGen       total 44032K, used 7461K [0x00000000c0000000, 0x00000000c2b00000, 0x00000000eab00000)
  object space 44032K, 16% used [0x00000000c0000000,0x00000000c07496d8,0x00000000c2b00000)
 Metaspace       used 16136K, capacity 16320K, committed 16640K, reserved 1064960K
  class space    used 1923K, capacity 1968K, committed 2048K, reserved 1048576K
}
Event: 6.571 GC heap before
{Heap before GC invocations=6 (full 0):
 PSYoungGen      total 35328K, used 35300K [0x00000000eab00000, 0x00000000ef600000, 0x0000000100000000)
  eden space 32768K, 100% used [0x00000000eab00000,0x00000000ecb00000,0x00000000ecb00000)
  from space 2560K, 98% used [0x00000000ecb00000,0x00000000ecd79080,0x00000000ecd80000)
  to   space 5632K, 0% used [0x00000000ef080000,0x00000000ef080000,0x00000000ef600000)
 ParOldGen       total 44032K, used 7461K [0x00000000c0000000, 0x00000000c2b00000, 0x00000000eab00000)
  object space 44032K, 16% used [0x00000000c0000000,0x00000000c07496d8,0x00000000c2b00000)
 Metaspace       used 18521K, capacity 18732K, committed 19072K, reserved 1067008K
  class space    used 2254K, capacity 2322K, committed 2432K, reserved 1048576K
Event: 6.595 GC heap after
Heap after GC invocations=6 (full 0):
 PSYoungGen      total 69120K, used 5618K [0x00000000eab00000, 0x00000000efa00000, 0x0000000100000000)
  eden space 63488K, 0% used [0x00000000eab00000,0x00000000eab00000,0x00000000ee900000)
  from space 5632K, 99% used [0x00000000ef080000,0x00000000ef5fca88,0x00000000ef600000)
  to   space 7680K, 0% used [0x00000000ee900000,0x00000000ee900000,0x00000000ef080000)
 ParOldGen       total 44032K, used 9897K [0x00000000c0000000, 0x00000000c2b00000, 0x00000000eab00000)
  object space 44032K, 22% used [0x00000000c0000000,0x00000000c09aa488,0x00000000c2b00000)
 Metaspace       used 18521K, capacity 18732K, committed 19072K, reserved 1067008K
  class space    used 2254K, capacity 2322K, committed 2432K, reserved 1048576K
}

Deoptimization events (10 events):
Event: 5.257 Thread 0x00000000021b3000 Uncommon trap: reason=class_check action=maybe_recompile pc=0x0000000002eb07d8 method=java.util.concurrent.ConcurrentHashMap.putVal(Ljava/lang/Object;Ljava/lang/Object;Z)Ljava/lang/Object; @ 192
Event: 5.257 Thread 0x00000000021b3000 Uncommon trap: reason=class_check action=maybe_recompile pc=0x0000000002eb07d8 method=java.util.concurrent.ConcurrentHashMap.putVal(Ljava/lang/Object;Ljava/lang/Object;Z)Ljava/lang/Object; @ 192
Event: 5.257 Thread 0x00000000021b3000 Uncommon trap: reason=class_check action=maybe_recompile pc=0x0000000002eb07d8 method=java.util.concurrent.ConcurrentHashMap.putVal(Ljava/lang/Object;Ljava/lang/Object;Z)Ljava/lang/Object; @ 192
Event: 5.258 Thread 0x00000000021b3000 Uncommon trap: reason=bimorphic action=maybe_recompile pc=0x0000000002dcede8 method=java.util.HashMap.putVal(ILjava/lang/Object;Ljava/lang/Object;ZZ)Ljava/lang/Object; @ 203
Event: 5.266 Thread 0x00000000021b3000 Uncommon trap: reason=bimorphic action=maybe_recompile pc=0x0000000002dcede8 method=java.util.HashMap.putVal(ILjava/lang/Object;Ljava/lang/Object;ZZ)Ljava/lang/Object; @ 203
Event: 5.267 Thread 0x00000000021b3000 Uncommon trap: reason=bimorphic action=maybe_recompile pc=0x0000000002dcede8 method=java.util.HashMap.putVal(ILjava/lang/Object;Ljava/lang/Object;ZZ)Ljava/lang/Object; @ 203
Event: 5.268 Thread 0x00000000021b3000 Uncommon trap: reason=bimorphic action=maybe_recompile pc=0x0000000002ccd244 method=java.util.HashMap.putVal(ILjava/lang/Object;Ljava/lang/Object;ZZ)Ljava/lang/Object; @ 203
Event: 5.523 Thread 0x00000000021b3000 Uncommon trap: reason=unreached action=reinterpret pc=0x0000000002ef54c0 method=java.util.HashMap.hash(Ljava/lang/Object;)I @ 1
Event: 6.483 Thread 0x00000000021b3000 Uncommon trap: reason=unreached action=reinterpret pc=0x0000000002fc11f4 method=org.springframework.core.annotation.AnnotationUtils.findAnnotation(Ljava/lang/Class;Ljava/lang/Class;Ljava/util/Set;)Ljava/lang/annotation/Annotation; @ 47
Event: 6.812 Thread 0x00000000021b3000 Uncommon trap: reason=unreached action=reinterpret pc=0x0000000002e22e44 method=java.lang.reflect.Method.equals(Ljava/lang/Object;)Z @ 1

Internal exceptions (10 events):
Event: 6.852 Thread 0x00000000021b3000 Exception <a 'java/security/PrivilegedActionException'> (0x00000000ebb07be0) thrown at [C:\workspace\8-2-build-windows-amd64-cygwin\jdk8u31\2394\hotspot\src\share\vm\prims\jvm.cpp, line 1312]
Event: 6.852 Thread 0x00000000021b3000 Exception <a 'java/security/PrivilegedActionException'> (0x00000000ebb141e0) thrown at [C:\workspace\8-2-build-windows-amd64-cygwin\jdk8u31\2394\hotspot\src\share\vm\prims\jvm.cpp, line 1312]
Event: 6.852 Thread 0x00000000021b3000 Exception <a 'java/security/PrivilegedActionException'> (0x00000000ebb15818) thrown at [C:\workspace\8-2-build-windows-amd64-cygwin\jdk8u31\2394\hotspot\src\share\vm\prims\jvm.cpp, line 1312]
Event: 6.852 Thread 0x00000000021b3000 Exception <a 'java/security/PrivilegedActionException'> (0x00000000ebb21ec0) thrown at [C:\workspace\8-2-build-windows-amd64-cygwin\jdk8u31\2394\hotspot\src\share\vm\prims\jvm.cpp, line 1312]
Event: 6.852 Thread 0x00000000021b3000 Exception <a 'java/lang/ClassNotFoundException': org/springframework/jdbc/datasource/AbstractDriverBasedDataSourceCustomizer> (0x00000000ebb222c8) thrown at [C:\workspace\8-2-build-windows-amd64-cygwin\jdk8u31\2394\hotspot\src\share\vm\classfile\systemDict©ô¨ùYi@
Event: 6.853 Thread 0x00000000021b3000 Exception <a 'java/security/PrivilegedActionException'> (0x00000000ebb31a50) thrown at [C:\workspace\8-2-build-windows-amd64-cygwin\jdk8u31\2394\hotspot\src\share\vm\prims\jvm.cpp, line 1312]
Event: 6.853 Thread 0x00000000021b3000 Exception <a 'java/security/PrivilegedActionException'> (0x00000000ebb3d268) thrown at [C:\workspace\8-2-build-windows-amd64-cygwin\jdk8u31\2394\hotspot\src\share\vm\prims\jvm.cpp, line 1312]
Event: 6.853 Thread 0x00000000021b3000 Exception <a 'java/security/PrivilegedActionException'> (0x00000000ebb3e638) thrown at [C:\workspace\8-2-build-windows-amd64-cygwin\jdk8u31\2394\hotspot\src\share\vm\prims\jvm.cpp, line 1312]
Event: 6.853 Thread 0x00000000021b3000 Exception <a 'java/security/PrivilegedActionException'> (0x00000000ebb49e50) thrown at [C:\workspace\8-2-build-windows-amd64-cygwin\jdk8u31\2394\hotspot\src\share\vm\prims\jvm.cpp, line 1312]
Event: 6.853 Thread 0x00000000021b3000 Exception <a 'java/lang/ClassNotFoundException': org/springframework/jdbc/datasource/DriverManagerDataSourceCustomizer> (0x00000000ebb4a250) thrown at [C:\workspace\8-2-build-windows-amd64-cygwin\jdk8u31\2394\hotspot\src\share\vm\classfile\systemDictionaryM{ÿYh@

Events (10 events):
Event: 7.009 loading class sun/security/provider/SHA2$SHA256
Event: 7.009 loading class sun/security/provider/SHA2
Event: 7.010 loading class sun/security/provider/SHA2 done
Event: 7.010 loading class sun/security/provider/SHA2$SHA256 done
Event: 7.010 loading class sun/security/rsa/RSAPrivateKeyImpl
Event: 7.010 loading class sun/security/rsa/RSAPrivateKeyImpl done
Event: 7.010 loading class sun/security/rsa/RSACore
Event: 7.010 loading class sun/security/rsa/RSACore done
Event: 7.010 loading class sun/security/rsa/RSAPadding
Event: 7.011 loading class sun/security/rsa/RSAPadding done


Dynamic libraries:
0x000000013fa40000 - 0x000000013fa74000 	D:\Program Files\Java\jdk1.8.0_31\bin\java.exe
0x0000000076fc0000 - 0x0000000077169000 	C:\Windows\SYSTEM32\ntdll.dll
0x0000000076da0000 - 0x0000000076ebf000 	C:\Windows\system32\kernel32.dll
0x000007fefd270000 - 0x000007fefd2db000 	C:\Windows\system32\KERNELBASE.dll
0x000007fefe850000 - 0x000007fefe92b000 	C:\Windows\system32\ADVAPI32.dll
0x000007feff220000 - 0x000007feff2bf000 	C:\Windows\system32\msvcrt.dll
0x000007fefe6f0000 - 0x000007fefe70f000 	C:\Windows\SYSTEM32\sechost.dll
0x000007fefe710000 - 0x000007fefe83d000 	C:\Windows\system32\RPCRT4.dll
0x0000000076ec0000 - 0x0000000076fba000 	C:\Windows\system32\USER32.dll
0x000007fefece0000 - 0x000007fefed47000 	C:\Windows\system32\GDI32.dll
0x000007fefe840000 - 0x000007fefe84e000 	C:\Windows\system32\LPK.dll
0x000007fefefb0000 - 0x000007feff079000 	C:\Windows\system32\USP10.dll
0x000007fefb9c0000 - 0x000007fefbbb4000 	C:\Windows\WinSxS\amd64_microsoft.windows.common-controls_6595b64144ccf1df_6.0.7601.17514_none_fa396087175ac9ac\COMCTL32.dll
0x000007fefd3c0000 - 0x000007fefd431000 	C:\Windows\system32\SHLWAPI.dll
0x000007fefd390000 - 0x000007fefd3be000 	C:\Windows\system32\IMM32.DLL
0x000007fefd850000 - 0x000007fefd959000 	C:\Windows\system32\MSCTF.dll
0x000000006b330000 - 0x000000006b402000 	D:\Program Files\Java\jdk1.8.0_31\jre\bin\msvcr100.dll
0x0000000053dc0000 - 0x000000005461a000 	D:\Program Files\Java\jdk1.8.0_31\jre\bin\server\jvm.dll
0x000007fef4590000 - 0x000007fef4599000 	C:\Windows\system32\WSOCK32.dll
0x000007fefd340000 - 0x000007fefd38d000 	C:\Windows\system32\WS2_32.dll
0x000007feff2c0000 - 0x000007feff2c8000 	C:\Windows\system32\NSI.dll
0x000007fefa1b0000 - 0x000007fefa1eb000 	C:\Windows\system32\WINMM.dll
0x0000000077190000 - 0x0000000077197000 	C:\Windows\system32\PSAPI.DLL
0x0000000074c20000 - 0x0000000074c2f000 	D:\Program Files\Java\jdk1.8.0_31\jre\bin\verify.dll
0x0000000074280000 - 0x00000000742a8000 	D:\Program Files\Java\jdk1.8.0_31\jre\bin\java.dll
0x00000000742c0000 - 0x00000000742d6000 	D:\Program Files\Java\jdk1.8.0_31\jre\bin\zip.dll
0x000007fefd960000 - 0x000007fefe6e8000 	C:\Windows\system32\SHELL32.dll
0x000007fefd440000 - 0x000007fefd643000 	C:\Windows\system32\ole32.dll
0x000007fefcf10000 - 0x000007fefcf1f000 	C:\Windows\system32\profapi.dll
0x000007fef4540000 - 0x000007fef4550000 	D:\Program Files\IntelliJ IDEA 14.0.3\bin\breakgen64.dll
0x00000000742f0000 - 0x000000007430a000 	D:\Program Files\Java\jdk1.8.0_31\jre\bin\net.dll
0x000007fefc740000 - 0x000007fefc795000 	C:\Windows\system32\mswsock.dll
0x000007fefc730000 - 0x000007fefc737000 	C:\Windows\System32\wship6.dll
0x000007fefc7a0000 - 0x000007fefc7b7000 	C:\Windows\system32\CRYPTSP.dll
0x000007fefc4a0000 - 0x000007fefc4e7000 	C:\Windows\system32\rsaenh.dll
0x000007fefc250000 - 0x000007fefc26e000 	C:\Windows\system32\USERENV.dll
0x000007fefce40000 - 0x000007fefce4f000 	C:\Windows\system32\CRYPTBASE.dll
0x000007fefa7f0000 - 0x000007fefa817000 	C:\Windows\system32\IPHLPAPI.DLL
0x000007fefa7c0000 - 0x000007fefa7cb000 	C:\Windows\system32\WINNSI.DLL
0x000007fefa250000 - 0x000007fefa261000 	C:\Windows\system32\dhcpcsvc6.DLL
0x000007fef9ad0000 - 0x000007fef9ae8000 	C:\Windows\system32\dhcpcsvc.DLL
0x0000000071810000 - 0x0000000071821000 	D:\Program Files\Java\jdk1.8.0_31\jre\bin\nio.dll
0x000007fef3290000 - 0x000007fef33b5000 	C:\Windows\system32\dbghelp.dll

VM Arguments:
jvm_args: -Didea.launcher.port=7532 -Didea.launcher.bin.path=D:\Program Files\IntelliJ IDEA 14.0.3\bin -Dfile.encoding=UTF-8 
java_command: com.intellij.rt.execution.application.AppMain com.nwchecker.server.Main
java_class_path (initial): D:\Program Files\Java\jdk1.8.0_31\jre\lib\charsets.jar;D:\Program Files\Java\jdk1.8.0_31\jre\lib\deploy.jar;D:\Program Files\Java\jdk1.8.0_31\jre\lib\javaws.jar;D:\Program Files\Java\jdk1.8.0_31\jre\lib\jce.jar;D:\Program Files\Java\jdk1.8.0_31\jre\lib\jfr.jar;D:\Program Files\Java\jdk1.8.0_31\jre\lib\jfxswt.jar;D:\Program Files\Java\jdk1.8.0_31\jre\lib\jsse.jar;D:\Program Files\Java\jdk1.8.0_31\jre\lib\management-agent.jar;D:\Program Files\Java\jdk1.8.0_31\jre\lib\plugin.jar;D:\Program Files\Java\jdk1.8.0_31\jre\lib\resources.jar;D:\Program Files\Java\jdk1.8.0_31\jre\lib\rt.jar;D:\Program Files\Java\jdk1.8.0_31\jre\lib\ext\access-bridge-64.jar;D:\Program Files\Java\jdk1.8.0_31\jre\lib\ext\cldrdata.jar;D:\Program Files\Java\jdk1.8.0_31\jre\lib\ext\dnsns.jar;D:\Program Files\Java\jdk1.8.0_31\jre\lib\ext\jaccess.jar;D:\Program Files\Java\jdk1.8.0_31\jre\lib\ext\jfxrt.jar;D:\Program Files\Java\jdk1.8.0_31\jre\lib\ext\localedata.jar;D:\Program Files\Java\jdk1.8.0_31\jre\lib\ext\nashorn.jar;D:\Program Files\Java\jdk1.8.0_31\jre\lib\ext\sunec.jar;D:\Program Files\Java\jdk1.8.0_31\jre\lib\ext\sunjce_provider.jar;D:\Program Files\Java\jdk1.8.0_31\jre\lib\ext\sunmscapi.jar;D:\Program Files\Java\jdk1.8.0_31\jre\lib\ext\sunpkcs11.jar;D:\Program Files\Java\jdk1.8.0_31\jre\lib\ext\zipfs.jar;D:\nwchecker\nwcserver\target\classes;C:\Users\chicken\.m2\repository\commons-fileupload\commons-fileupload\1.2.1\commons-fileupload-1.2.1.jar;C:\Users\chicken\.m2\repository\commons-io\commons-io\2.4\commons-io-2.4.jar;C:\Users\chicken\.m2\repository\javax\servlet\jsp\javax.servlet.jsp-api\2.3.1\javax.servlet.jsp-api-2.3.1.jar;C:\Users\chicken\.m2\repository\org\springframework\spring-context\4.1.2.RELEASE\spring-context-4.1.2.RELEASE.jar;C:\Users\chicken\.m2\repository\org\springframework\spring-core\4.1.2.RELEASE\spring-core-4.1.2.RELEASE.jar;C:\Users\chicken\.m2\repository\org\springframework\spring-expression\4.1.2.RELEASE\spring-expression-4.1.2.RELEASE.jar;
Launcher Type: SUN_STANDARD

Environment Variables:
JAVA_HOME=D:\Program Files\Java\jdk1.8.0_31
PATH=C:\ProgramData\Oracle\Java\javapath;D:\oraclexe\app\oracle\product\10.2.0\server\bin;C:\Program Files (x86)\NVIDIA Corporation\PhysX\Common;C:\Windows\system32;C:\Windows;C:\Windows\System32\Wbem;C:\Windows\System32\WindowsPowerShell\v1.0\;%GIT_HOME%\bin;C:\Program Files (x86)\Zillya Internet Security\;C:\Program Files (x86)\Common Files\Zillya Internet Security\Bases\; ;D:\Program Files\apache-maven-3.3.1\bin;D:\Program Files\Java\jdk1.8.0_31\bin;C:\Program Files (x86)\Skype\Phone\
USERNAME=chicken
OS=Windows_NT
PROCESSOR_IDENTIFIER=Intel64 Family 6 Model 15 Stepping 11, GenuineIntel



---------------  S Y S T E M  ---------------

OS: Windows 7 , 64 bit Build 7601 Service Pack 1

CPU:total 2 (2 cores per cpu, 1 threads per core) family 6 model 15 stepping 11, cmov, cx8, fxsr, mmx, sse, sse2, sse3, ssse3, tsc

Memory: 4k page, physical 4192824k(1571424k free), swap 8383804k(4883920k free)

vm_info: Java HotSpot(TM) 64-Bit Server VM (25.31-b07) for windows-amd64 JRE (1.8.0_31-b13), built on Dec 17 2014 21:00:28 by "java_re" with MS VC++ 10.0 (VS2010)

time: Sun Apr 19 21:24:49 2015
elapsed time: 7 seconds (0d 0h 0m 7s)

